[ERROR] 2020-12-29 21:21:27,930 - Failed to update the last review date.
[ERROR] 2020-12-29 21:21:41,532 - Failed to update the last review date.
[ERROR] 2020-12-29 21:21:52,967 - Failed to update the last review date.
[ERROR] 2020-12-29 21:44:42,137 - Failed to update the last review date.
[ERROR] 2020-12-31 11:50:36,191 - scraper failedMessage: timeout
  (Session info: headless chrome=87.0.4280.88)
  (Driver info: chromedriver=2.38.552518 (183d19265345f54ce39cbb94cf81ba5f15905011),platform=Mac OS X 10.15.7 x86_64)

[ERROR] 2020-12-31 13:42:00,418 - scraper failedMessage: no such element: Unable to locate element: {"method":"css selector","selector":"div.MocG8c.UFSXYb.LMgvRb.KKjvXb"}
  (Session info: headless chrome=87.0.4280.88)
  (Driver info: chromedriver=2.38.552518 (183d19265345f54ce39cbb94cf81ba5f15905011),platform=Mac OS X 10.15.7 x86_64)

[ERROR] 2021-01-04 12:30:18,598 - Did not receive JSON will not proceed
[ERROR] 2021-01-04 14:03:11,063 - Failed to update the last review date.
[ERROR] 2021-01-04 14:03:28,729 - Failed to update the last review date.
[ERROR] 2021-01-04 14:49:50,805 - scraper failedunsupported operand type(s) for +: 'NoneType' and 'str'
[ERROR] 2021-01-04 14:49:52,686 - scraper failedunsupported operand type(s) for +: 'NoneType' and 'str'
[ERROR] 2021-01-04 14:52:58,031 - scraper failedunsupported operand type(s) for +: 'NoneType' and 'str'
[ERROR] 2021-01-04 14:52:59,903 - scraper failedunsupported operand type(s) for +: 'NoneType' and 'str'
[ERROR] 2021-01-04 15:44:31,999 - scraper failed
Message: chrome not reachable
  (Session info: headless chrome=87.0.4280.88)
  (Driver info: chromedriver=2.38.552518 (183d19265345f54ce39cbb94cf81ba5f15905011),platform=Mac OS X 10.15.7 x86_64)

[ERROR] 2021-01-04 15:45:47,962 - scraper failed
unsupported operand type(s) for +: 'NoneType' and 'str'
[ERROR] 2021-01-04 15:46:01,118 - scraper failed
unsupported operand type(s) for +: 'NoneType' and 'str'
[ERROR] 2021-01-04 15:46:12,656 - scraper failed
unsupported operand type(s) for +: 'NoneType' and 'str'
[ERROR] 2021-01-04 16:12:00,025 - App Store crawler failed to get BundleID for Guidecraft - Furniture, Guides, + for Minecraft
